<?xml version="1.0" encoding="UTF-8"?>
<testng-results ignored="0" total="1" passed="1" failed="0" skipped="0">
  <reporter-output>
  </reporter-output>
  <suite started-at="2020-10-16T14:49:20 WAT" name="Default suite" finished-at="2020-10-16T14:49:44 WAT" duration-ms="23922">
    <groups>
    </groups>
    <test started-at="2020-10-16T14:49:20 WAT" name="Default test" finished-at="2020-10-16T14:49:44 WAT" duration-ms="23922">
      <class name="testcase.HomePage">
        <test-method is-config="true" signature="setUp()[pri:0, instance:testcase.HomePage@77167fb7]" started-at="2020-10-16T14:49:20 WAT" name="setUp" finished-at="2020-10-16T14:49:37 WAT" duration-ms="17013" status="PASS">
          <reporter-output>
          </reporter-output>
        </test-method> <!-- setUp -->
        <test-method signature="HomePageTest()[pri:0, instance:testcase.HomePage@77167fb7]" started-at="2020-10-16T14:49:37 WAT" name="HomePageTest" finished-at="2020-10-16T14:49:44 WAT" duration-ms="6706" status="PASS">
          <reporter-output>
          </reporter-output>
        </test-method> <!-- HomePageTest -->
        <test-method is-config="true" signature="tearDown()[pri:0, instance:testcase.HomePage@77167fb7]" started-at="2020-10-16T14:49:44 WAT" name="tearDown" finished-at="2020-10-16T14:49:44 WAT" duration-ms="151" status="PASS">
          <reporter-output>
          </reporter-output>
        </test-method> <!-- tearDown -->
      </class> <!-- testcase.HomePage -->
    </test> <!-- Default test -->
  </suite> <!-- Default suite -->
</testng-results>
